[0.021s] Invoking command in '/home/student/germaine_ws/build/germaine_bot': CMAKE_PREFIX_PATH=${CMAKE_PREFIX_PATH}:/home/student/ros2_ws/install/ultrasonreceiver:/home/student/ros2_ws/install/test_tourne:/home/student/ros2_ws/install/teleop_twist_keyboard:/home/student/ros2_ws/install/teleop_servos:/home/student/ros2_ws/install/stereoreceiver:/home/student/ros2_ws/install/pointcloud_transformer:/home/student/ros2_ws/install/oak_receiver:/home/student/ros2_ws/install/lidarreceiver:/home/student/ros2_ws/install/imureceiver:/home/student/ros2_ws/install/baselink_to_lidar:/opt/ros/humble /usr/bin/cmake /home/student/germaine_ws/src/germaine_bot -DCMAKE_INSTALL_PREFIX=/home/student/germaine_ws/install/germaine_bot
[0.097s] -- The C compiler identification is GNU 11.3.0
[0.177s] -- The CXX compiler identification is GNU 11.3.0
[0.187s] -- Detecting C compiler ABI info
[0.274s] -- Detecting C compiler ABI info - done
[0.287s] -- Check for working C compiler: /usr/bin/cc - skipped
[0.287s] -- Detecting C compile features
[0.288s] -- Detecting C compile features - done
[0.292s] -- Detecting CXX compiler ABI info
[0.394s] -- Detecting CXX compiler ABI info - done
[0.407s] -- Check for working CXX compiler: /usr/bin/c++ - skipped
[0.407s] -- Detecting CXX compile features
[0.408s] -- Detecting CXX compile features - done
[0.414s] -- Found ament_cmake: 1.3.5 (/opt/ros/humble/share/ament_cmake/cmake)
[0.699s] -- Found Python3: /usr/bin/python3.10 (found version "3.10.6") found components: Interpreter 
[0.870s] -- Found ament_lint_auto: 0.12.6 (/opt/ros/humble/share/ament_lint_auto/cmake)
[1.017s] -- Added test 'copyright' to check source files copyright and LICENSE
[1.026s] -- Added test 'flake8' to check Python code syntax and style conventions
[1.028s] -- Added test 'lint_cmake' to check CMake code style
[1.029s] -- Added test 'pep257' to check Python code against some of the docstring style conventions in PEP 257
[1.035s] -- Added test 'xmllint' to check XML markup files
[1.037s] -- Configuring done
[1.042s] -- Generating done
[1.043s] -- Build files have been written to: /home/student/germaine_ws/build/germaine_bot
[1.051s] Invoked command in '/home/student/germaine_ws/build/germaine_bot' returned '0': CMAKE_PREFIX_PATH=${CMAKE_PREFIX_PATH}:/home/student/ros2_ws/install/ultrasonreceiver:/home/student/ros2_ws/install/test_tourne:/home/student/ros2_ws/install/teleop_twist_keyboard:/home/student/ros2_ws/install/teleop_servos:/home/student/ros2_ws/install/stereoreceiver:/home/student/ros2_ws/install/pointcloud_transformer:/home/student/ros2_ws/install/oak_receiver:/home/student/ros2_ws/install/lidarreceiver:/home/student/ros2_ws/install/imureceiver:/home/student/ros2_ws/install/baselink_to_lidar:/opt/ros/humble /usr/bin/cmake /home/student/germaine_ws/src/germaine_bot -DCMAKE_INSTALL_PREFIX=/home/student/germaine_ws/install/germaine_bot
[1.052s] Invoking command in '/home/student/germaine_ws/build/germaine_bot': CMAKE_PREFIX_PATH=${CMAKE_PREFIX_PATH}:/home/student/ros2_ws/install/ultrasonreceiver:/home/student/ros2_ws/install/test_tourne:/home/student/ros2_ws/install/teleop_twist_keyboard:/home/student/ros2_ws/install/teleop_servos:/home/student/ros2_ws/install/stereoreceiver:/home/student/ros2_ws/install/pointcloud_transformer:/home/student/ros2_ws/install/oak_receiver:/home/student/ros2_ws/install/lidarreceiver:/home/student/ros2_ws/install/imureceiver:/home/student/ros2_ws/install/baselink_to_lidar:/opt/ros/humble /usr/bin/cmake --build /home/student/germaine_ws/build/germaine_bot -- -j8 -l8
[1.096s] Invoked command in '/home/student/germaine_ws/build/germaine_bot' returned '0': CMAKE_PREFIX_PATH=${CMAKE_PREFIX_PATH}:/home/student/ros2_ws/install/ultrasonreceiver:/home/student/ros2_ws/install/test_tourne:/home/student/ros2_ws/install/teleop_twist_keyboard:/home/student/ros2_ws/install/teleop_servos:/home/student/ros2_ws/install/stereoreceiver:/home/student/ros2_ws/install/pointcloud_transformer:/home/student/ros2_ws/install/oak_receiver:/home/student/ros2_ws/install/lidarreceiver:/home/student/ros2_ws/install/imureceiver:/home/student/ros2_ws/install/baselink_to_lidar:/opt/ros/humble /usr/bin/cmake --build /home/student/germaine_ws/build/germaine_bot -- -j8 -l8
[1.134s] Invoking command in '/home/student/germaine_ws/build/germaine_bot': CMAKE_PREFIX_PATH=${CMAKE_PREFIX_PATH}:/home/student/ros2_ws/install/ultrasonreceiver:/home/student/ros2_ws/install/test_tourne:/home/student/ros2_ws/install/teleop_twist_keyboard:/home/student/ros2_ws/install/teleop_servos:/home/student/ros2_ws/install/stereoreceiver:/home/student/ros2_ws/install/pointcloud_transformer:/home/student/ros2_ws/install/oak_receiver:/home/student/ros2_ws/install/lidarreceiver:/home/student/ros2_ws/install/imureceiver:/home/student/ros2_ws/install/baselink_to_lidar:/opt/ros/humble /usr/bin/cmake --install /home/student/germaine_ws/build/germaine_bot
[1.142s] -- Install configuration: ""
[1.143s] -- Installing: /home/student/germaine_ws/install/germaine_bot/share/germaine_bot/config
[1.143s] -- Installing: /home/student/germaine_ws/install/germaine_bot/share/germaine_bot/config/empty.yaml
[1.143s] -- Installing: /home/student/germaine_ws/install/germaine_bot/share/germaine_bot/description
[1.143s] -- Installing: /home/student/germaine_ws/install/germaine_bot/share/germaine_bot/description/robot.urdf.xacro
[1.144s] -- Installing: /home/student/germaine_ws/install/germaine_bot/share/germaine_bot/launch
[1.144s] -- Installing: /home/student/germaine_ws/install/germaine_bot/share/germaine_bot/launch/rsp.launch.py
[1.144s] -- Installing: /home/student/germaine_ws/install/germaine_bot/share/germaine_bot/worlds
[1.144s] -- Installing: /home/student/germaine_ws/install/germaine_bot/share/germaine_bot/worlds/empty.world
[1.144s] -- Installing: /home/student/germaine_ws/install/germaine_bot/share/ament_index/resource_index/package_run_dependencies/germaine_bot
[1.144s] -- Installing: /home/student/germaine_ws/install/germaine_bot/share/ament_index/resource_index/parent_prefix_path/germaine_bot
[1.145s] -- Installing: /home/student/germaine_ws/install/germaine_bot/share/germaine_bot/environment/ament_prefix_path.sh
[1.145s] -- Installing: /home/student/germaine_ws/install/germaine_bot/share/germaine_bot/environment/ament_prefix_path.dsv
[1.145s] -- Installing: /home/student/germaine_ws/install/germaine_bot/share/germaine_bot/environment/path.sh
[1.145s] -- Installing: /home/student/germaine_ws/install/germaine_bot/share/germaine_bot/environment/path.dsv
[1.145s] -- Installing: /home/student/germaine_ws/install/germaine_bot/share/germaine_bot/local_setup.bash
[1.145s] -- Installing: /home/student/germaine_ws/install/germaine_bot/share/germaine_bot/local_setup.sh
[1.146s] -- Installing: /home/student/germaine_ws/install/germaine_bot/share/germaine_bot/local_setup.zsh
[1.146s] -- Installing: /home/student/germaine_ws/install/germaine_bot/share/germaine_bot/local_setup.dsv
[1.146s] -- Installing: /home/student/germaine_ws/install/germaine_bot/share/germaine_bot/package.dsv
[1.146s] -- Installing: /home/student/germaine_ws/install/germaine_bot/share/ament_index/resource_index/packages/germaine_bot
[1.146s] -- Installing: /home/student/germaine_ws/install/germaine_bot/share/germaine_bot/cmake/germaine_botConfig.cmake
[1.147s] -- Installing: /home/student/germaine_ws/install/germaine_bot/share/germaine_bot/cmake/germaine_botConfig-version.cmake
[1.147s] -- Installing: /home/student/germaine_ws/install/germaine_bot/share/germaine_bot/package.xml
[1.149s] Invoked command in '/home/student/germaine_ws/build/germaine_bot' returned '0': CMAKE_PREFIX_PATH=${CMAKE_PREFIX_PATH}:/home/student/ros2_ws/install/ultrasonreceiver:/home/student/ros2_ws/install/test_tourne:/home/student/ros2_ws/install/teleop_twist_keyboard:/home/student/ros2_ws/install/teleop_servos:/home/student/ros2_ws/install/stereoreceiver:/home/student/ros2_ws/install/pointcloud_transformer:/home/student/ros2_ws/install/oak_receiver:/home/student/ros2_ws/install/lidarreceiver:/home/student/ros2_ws/install/imureceiver:/home/student/ros2_ws/install/baselink_to_lidar:/opt/ros/humble /usr/bin/cmake --install /home/student/germaine_ws/build/germaine_bot
