-- Install configuration: ""
-- Execute custom install script
-- Up-to-date symlink: /home/student/germaine_ws/install/germaine_bot/share/germaine_bot/config/empty.yaml
-- Symlinking: /home/student/germaine_ws/install/germaine_bot/share/germaine_bot/description/IMU.xacro
-- Symlinking: /home/student/germaine_ws/install/germaine_bot/share/germaine_bot/description/camera1.xacro
-- Symlinking: /home/student/germaine_ws/install/germaine_bot/share/germaine_bot/description/camera2.xacro
-- Symlinking: /home/student/germaine_ws/install/germaine_bot/share/germaine_bot/description/inertial_macros.xacro
-- Symlinking: /home/student/germaine_ws/install/germaine_bot/share/germaine_bot/description/lidar.xacro
-- Up-to-date symlink: /home/student/germaine_ws/install/germaine_bot/share/germaine_bot/description/robot.urdf.xacro
-- Symlinking: /home/student/germaine_ws/install/germaine_bot/share/germaine_bot/description/robot_core.xacro
-- Up-to-date symlink: /home/student/germaine_ws/install/germaine_bot/share/germaine_bot/launch/rsp.launch.py
-- Up-to-date symlink: /home/student/germaine_ws/install/germaine_bot/share/germaine_bot/worlds/empty.world
-- Up-to-date symlink: /home/student/germaine_ws/install/germaine_bot/share/ament_index/resource_index/package_run_dependencies/germaine_bot
-- Up-to-date symlink: /home/student/germaine_ws/install/germaine_bot/share/ament_index/resource_index/parent_prefix_path/germaine_bot
-- Up-to-date symlink: /home/student/germaine_ws/install/germaine_bot/share/germaine_bot/environment/ament_prefix_path.sh
-- Up-to-date symlink: /home/student/germaine_ws/install/germaine_bot/share/germaine_bot/environment/ament_prefix_path.dsv
-- Up-to-date symlink: /home/student/germaine_ws/install/germaine_bot/share/germaine_bot/environment/path.sh
-- Up-to-date symlink: /home/student/germaine_ws/install/germaine_bot/share/germaine_bot/environment/path.dsv
-- Up-to-date symlink: /home/student/germaine_ws/install/germaine_bot/share/germaine_bot/local_setup.bash
-- Up-to-date symlink: /home/student/germaine_ws/install/germaine_bot/share/germaine_bot/local_setup.sh
-- Up-to-date symlink: /home/student/germaine_ws/install/germaine_bot/share/germaine_bot/local_setup.zsh
-- Up-to-date symlink: /home/student/germaine_ws/install/germaine_bot/share/germaine_bot/local_setup.dsv
-- Symlinking: /home/student/germaine_ws/install/germaine_bot/share/germaine_bot/package.dsv
-- Up-to-date symlink: /home/student/germaine_ws/install/germaine_bot/share/ament_index/resource_index/packages/germaine_bot
-- Up-to-date symlink: /home/student/germaine_ws/install/germaine_bot/share/germaine_bot/cmake/germaine_botConfig.cmake
-- Up-to-date symlink: /home/student/germaine_ws/install/germaine_bot/share/germaine_bot/cmake/germaine_botConfig-version.cmake
-- Up-to-date symlink: /home/student/germaine_ws/install/germaine_bot/share/germaine_bot/package.xml
