[0.570s] DEBUG:colcon:Command line arguments: ['/usr/bin/colcon', 'build', '--symlink-install']
[0.570s] DEBUG:colcon:Parsed command line arguments: Namespace(log_base=None, log_level=None, verb_name='build', build_base='build', install_base='install', merge_install=False, symlink_install=True, test_result_base=None, continue_on_error=False, executor='parallel', parallel_workers=8, event_handlers=None, ignore_user_meta=False, metas=['./colcon.meta'], base_paths=['.'], packages_ignore=None, packages_ignore_regex=None, paths=None, packages_up_to=None, packages_up_to_regex=None, packages_above=None, packages_above_and_dependencies=None, packages_above_depth=None, packages_select_by_dep=None, packages_skip_by_dep=None, packages_skip_up_to=None, packages_select_build_failed=False, packages_skip_build_finished=False, packages_select_test_failures=False, packages_skip_test_passed=False, packages_select=None, packages_skip=None, packages_select_regex=None, packages_skip_regex=None, packages_start=None, packages_end=None, allow_overriding=[], cmake_args=None, cmake_target=None, cmake_target_skip_unavailable=False, cmake_clean_cache=False, cmake_clean_first=False, cmake_force_configure=False, ament_cmake_args=None, catkin_cmake_args=None, catkin_skip_building_tests=False, verb_parser=<colcon_defaults.argument_parser.defaults.DefaultArgumentsDecorator object at 0x7f35f73d98a0>, verb_extension=<colcon_core.verb.build.BuildVerb object at 0x7f35f7be88b0>, main=<bound method BuildVerb.main of <colcon_core.verb.build.BuildVerb object at 0x7f35f7be88b0>>)
[0.618s] Level 1:colcon.colcon_core.package_discovery:discover_packages(colcon_meta) check parameters
[0.618s] Level 1:colcon.colcon_core.package_discovery:discover_packages(recursive) check parameters
[0.618s] Level 1:colcon.colcon_core.package_discovery:discover_packages(ignore) check parameters
[0.618s] Level 1:colcon.colcon_core.package_discovery:discover_packages(path) check parameters
[0.618s] Level 1:colcon.colcon_core.package_discovery:discover_packages(colcon_meta) discover
[0.618s] Level 1:colcon.colcon_core.package_discovery:discover_packages(recursive) discover
[0.618s] INFO:colcon.colcon_core.package_discovery:Crawling recursively for packages in '/home/student/germaine_ws'
[0.619s] Level 1:colcon.colcon_core.package_identification:_identify(.) by extensions ['ignore', 'ignore_ament_install']
[0.619s] Level 1:colcon.colcon_core.package_identification:_identify(.) by extension 'ignore'
[0.619s] Level 1:colcon.colcon_core.package_identification:_identify(.) by extension 'ignore_ament_install'
[0.619s] Level 1:colcon.colcon_core.package_identification:_identify(.) by extensions ['colcon_pkg']
[0.619s] Level 1:colcon.colcon_core.package_identification:_identify(.) by extension 'colcon_pkg'
[0.619s] Level 1:colcon.colcon_core.package_identification:_identify(.) by extensions ['colcon_meta']
[0.619s] Level 1:colcon.colcon_core.package_identification:_identify(.) by extension 'colcon_meta'
[0.619s] Level 1:colcon.colcon_core.package_identification:_identify(.) by extensions ['ros']
[0.619s] Level 1:colcon.colcon_core.package_identification:_identify(.) by extension 'ros'
[0.637s] Level 1:colcon.colcon_core.package_identification:_identify(.) by extensions ['cmake', 'python']
[0.637s] Level 1:colcon.colcon_core.package_identification:_identify(.) by extension 'cmake'
[0.637s] Level 1:colcon.colcon_core.package_identification:_identify(.) by extension 'python'
[0.637s] Level 1:colcon.colcon_core.package_identification:_identify(.) by extensions ['python_setup_py']
[0.637s] Level 1:colcon.colcon_core.package_identification:_identify(.) by extension 'python_setup_py'
[0.637s] Level 1:colcon.colcon_core.package_identification:_identify(build) by extensions ['ignore', 'ignore_ament_install']
[0.637s] Level 1:colcon.colcon_core.package_identification:_identify(build) by extension 'ignore'
[0.638s] Level 1:colcon.colcon_core.package_identification:_identify(build) ignored
[0.638s] Level 1:colcon.colcon_core.package_identification:_identify(install) by extensions ['ignore', 'ignore_ament_install']
[0.638s] Level 1:colcon.colcon_core.package_identification:_identify(install) by extension 'ignore'
[0.638s] Level 1:colcon.colcon_core.package_identification:_identify(install) ignored
[0.638s] Level 1:colcon.colcon_core.package_identification:_identify(log) by extensions ['ignore', 'ignore_ament_install']
[0.638s] Level 1:colcon.colcon_core.package_identification:_identify(log) by extension 'ignore'
[0.638s] Level 1:colcon.colcon_core.package_identification:_identify(log) ignored
[0.639s] Level 1:colcon.colcon_core.package_identification:_identify(src) by extensions ['ignore', 'ignore_ament_install']
[0.639s] Level 1:colcon.colcon_core.package_identification:_identify(src) by extension 'ignore'
[0.639s] Level 1:colcon.colcon_core.package_identification:_identify(src) by extension 'ignore_ament_install'
[0.639s] Level 1:colcon.colcon_core.package_identification:_identify(src) by extensions ['colcon_pkg']
[0.639s] Level 1:colcon.colcon_core.package_identification:_identify(src) by extension 'colcon_pkg'
[0.639s] Level 1:colcon.colcon_core.package_identification:_identify(src) by extensions ['colcon_meta']
[0.639s] Level 1:colcon.colcon_core.package_identification:_identify(src) by extension 'colcon_meta'
[0.639s] Level 1:colcon.colcon_core.package_identification:_identify(src) by extensions ['ros']
[0.639s] Level 1:colcon.colcon_core.package_identification:_identify(src) by extension 'ros'
[0.639s] Level 1:colcon.colcon_core.package_identification:_identify(src) by extensions ['cmake', 'python']
[0.639s] Level 1:colcon.colcon_core.package_identification:_identify(src) by extension 'cmake'
[0.640s] Level 1:colcon.colcon_core.package_identification:_identify(src) by extension 'python'
[0.640s] Level 1:colcon.colcon_core.package_identification:_identify(src) by extensions ['python_setup_py']
[0.640s] Level 1:colcon.colcon_core.package_identification:_identify(src) by extension 'python_setup_py'
[0.640s] Level 1:colcon.colcon_core.package_identification:_identify(src/germaine_bot) by extensions ['ignore', 'ignore_ament_install']
[0.640s] Level 1:colcon.colcon_core.package_identification:_identify(src/germaine_bot) by extension 'ignore'
[0.640s] Level 1:colcon.colcon_core.package_identification:_identify(src/germaine_bot) by extension 'ignore_ament_install'
[0.640s] Level 1:colcon.colcon_core.package_identification:_identify(src/germaine_bot) by extensions ['colcon_pkg']
[0.640s] Level 1:colcon.colcon_core.package_identification:_identify(src/germaine_bot) by extension 'colcon_pkg'
[0.640s] Level 1:colcon.colcon_core.package_identification:_identify(src/germaine_bot) by extensions ['colcon_meta']
[0.640s] Level 1:colcon.colcon_core.package_identification:_identify(src/germaine_bot) by extension 'colcon_meta'
[0.641s] Level 1:colcon.colcon_core.package_identification:_identify(src/germaine_bot) by extensions ['ros']
[0.641s] Level 1:colcon.colcon_core.package_identification:_identify(src/germaine_bot) by extension 'ros'
[0.644s] DEBUG:colcon.colcon_core.package_identification:Package 'src/germaine_bot' with type 'ros.ament_cmake' and name 'germaine_bot'
[0.644s] Level 1:colcon.colcon_core.package_discovery:discover_packages(recursive) using defaults
[0.644s] Level 1:colcon.colcon_core.package_discovery:discover_packages(ignore) discover
[0.644s] Level 1:colcon.colcon_core.package_discovery:discover_packages(ignore) using defaults
[0.644s] Level 1:colcon.colcon_core.package_discovery:discover_packages(path) discover
[0.644s] Level 1:colcon.colcon_core.package_discovery:discover_packages(path) using defaults
[0.682s] Level 1:colcon.colcon_core.package_discovery:discover_packages(prefix_path) check parameters
[0.682s] Level 1:colcon.colcon_core.package_discovery:discover_packages(prefix_path) discover
[0.688s] DEBUG:colcon.colcon_installed_package_information.package_discovery:Found 17 installed packages in /home/student/ros2_ws/install
[0.692s] DEBUG:colcon.colcon_installed_package_information.package_discovery:Found 296 installed packages in /opt/ros/humble
[0.695s] Level 1:colcon.colcon_core.package_discovery:discover_packages(prefix_path) using defaults
[0.818s] Level 5:colcon.colcon_core.verb:set package 'germaine_bot' build argument 'cmake_args' from command line to 'None'
[0.818s] Level 5:colcon.colcon_core.verb:set package 'germaine_bot' build argument 'cmake_target' from command line to 'None'
[0.818s] Level 5:colcon.colcon_core.verb:set package 'germaine_bot' build argument 'cmake_target_skip_unavailable' from command line to 'False'
[0.818s] Level 5:colcon.colcon_core.verb:set package 'germaine_bot' build argument 'cmake_clean_cache' from command line to 'False'
[0.818s] Level 5:colcon.colcon_core.verb:set package 'germaine_bot' build argument 'cmake_clean_first' from command line to 'False'
[0.818s] Level 5:colcon.colcon_core.verb:set package 'germaine_bot' build argument 'cmake_force_configure' from command line to 'False'
[0.818s] Level 5:colcon.colcon_core.verb:set package 'germaine_bot' build argument 'ament_cmake_args' from command line to 'None'
[0.818s] Level 5:colcon.colcon_core.verb:set package 'germaine_bot' build argument 'catkin_cmake_args' from command line to 'None'
[0.818s] Level 5:colcon.colcon_core.verb:set package 'germaine_bot' build argument 'catkin_skip_building_tests' from command line to 'False'
[0.818s] DEBUG:colcon.colcon_core.verb:Building package 'germaine_bot' with the following arguments: {'ament_cmake_args': None, 'build_base': '/home/student/germaine_ws/build/germaine_bot', 'catkin_cmake_args': None, 'catkin_skip_building_tests': False, 'cmake_args': None, 'cmake_clean_cache': False, 'cmake_clean_first': False, 'cmake_force_configure': False, 'cmake_target': None, 'cmake_target_skip_unavailable': False, 'install_base': '/home/student/germaine_ws/install/germaine_bot', 'merge_install': False, 'path': '/home/student/germaine_ws/src/germaine_bot', 'symlink_install': True, 'test_result_base': None}
[0.819s] INFO:colcon.colcon_core.executor:Executing jobs using 'parallel' executor
[0.825s] DEBUG:colcon.colcon_parallel_executor.executor.parallel:run_until_complete
[0.825s] INFO:colcon.colcon_ros.task.ament_cmake.build:Building ROS package in '/home/student/germaine_ws/src/germaine_bot' with build type 'ament_cmake'
[0.826s] INFO:colcon.colcon_cmake.task.cmake.build:Building CMake package in '/home/student/germaine_ws/src/germaine_bot'
[0.832s] INFO:colcon.colcon_core.plugin_system:Skipping extension 'colcon_core.shell.bat': Not used on non-Windows systems
[0.833s] INFO:colcon.colcon_core.shell:Skip shell extension 'powershell' for command environment: Not usable outside of PowerShell
[0.833s] DEBUG:colcon.colcon_core.shell:Skip shell extension 'dsv' for command environment
[0.848s] DEBUG:colcon.colcon_core.event_handler.log_command:Invoking command in '/home/student/germaine_ws/build/germaine_bot': CMAKE_PREFIX_PATH=${CMAKE_PREFIX_PATH}:/home/student/ros2_ws/install/ultrasonreceiver:/home/student/ros2_ws/install/test_tourne:/home/student/ros2_ws/install/teleop_twist_keyboard:/home/student/ros2_ws/install/teleop_servos:/home/student/ros2_ws/install/stereoreceiver:/home/student/ros2_ws/install/pointcloud_transformer:/home/student/ros2_ws/install/oak_receiver:/home/student/ros2_ws/install/lidarreceiver:/home/student/ros2_ws/install/imureceiver:/home/student/ros2_ws/install/baselink_to_lidar:/opt/ros/humble /usr/bin/cmake /home/student/germaine_ws/src/germaine_bot -DAMENT_CMAKE_SYMLINK_INSTALL=1 -DCMAKE_INSTALL_PREFIX=/home/student/germaine_ws/install/germaine_bot
[1.270s] DEBUG:colcon.colcon_core.event_handler.log_command:Invoked command in '/home/student/germaine_ws/build/germaine_bot' returned '0': CMAKE_PREFIX_PATH=${CMAKE_PREFIX_PATH}:/home/student/ros2_ws/install/ultrasonreceiver:/home/student/ros2_ws/install/test_tourne:/home/student/ros2_ws/install/teleop_twist_keyboard:/home/student/ros2_ws/install/teleop_servos:/home/student/ros2_ws/install/stereoreceiver:/home/student/ros2_ws/install/pointcloud_transformer:/home/student/ros2_ws/install/oak_receiver:/home/student/ros2_ws/install/lidarreceiver:/home/student/ros2_ws/install/imureceiver:/home/student/ros2_ws/install/baselink_to_lidar:/opt/ros/humble /usr/bin/cmake /home/student/germaine_ws/src/germaine_bot -DAMENT_CMAKE_SYMLINK_INSTALL=1 -DCMAKE_INSTALL_PREFIX=/home/student/germaine_ws/install/germaine_bot
[1.273s] DEBUG:colcon.colcon_core.event_handler.log_command:Invoking command in '/home/student/germaine_ws/build/germaine_bot': CMAKE_PREFIX_PATH=${CMAKE_PREFIX_PATH}:/home/student/ros2_ws/install/ultrasonreceiver:/home/student/ros2_ws/install/test_tourne:/home/student/ros2_ws/install/teleop_twist_keyboard:/home/student/ros2_ws/install/teleop_servos:/home/student/ros2_ws/install/stereoreceiver:/home/student/ros2_ws/install/pointcloud_transformer:/home/student/ros2_ws/install/oak_receiver:/home/student/ros2_ws/install/lidarreceiver:/home/student/ros2_ws/install/imureceiver:/home/student/ros2_ws/install/baselink_to_lidar:/opt/ros/humble /usr/bin/cmake --build /home/student/germaine_ws/build/germaine_bot -- -j8 -l8
[1.317s] DEBUG:colcon.colcon_core.event_handler.log_command:Invoked command in '/home/student/germaine_ws/build/germaine_bot' returned '0': CMAKE_PREFIX_PATH=${CMAKE_PREFIX_PATH}:/home/student/ros2_ws/install/ultrasonreceiver:/home/student/ros2_ws/install/test_tourne:/home/student/ros2_ws/install/teleop_twist_keyboard:/home/student/ros2_ws/install/teleop_servos:/home/student/ros2_ws/install/stereoreceiver:/home/student/ros2_ws/install/pointcloud_transformer:/home/student/ros2_ws/install/oak_receiver:/home/student/ros2_ws/install/lidarreceiver:/home/student/ros2_ws/install/imureceiver:/home/student/ros2_ws/install/baselink_to_lidar:/opt/ros/humble /usr/bin/cmake --build /home/student/germaine_ws/build/germaine_bot -- -j8 -l8
[1.354s] DEBUG:colcon.colcon_core.event_handler.log_command:Invoking command in '/home/student/germaine_ws/build/germaine_bot': CMAKE_PREFIX_PATH=${CMAKE_PREFIX_PATH}:/home/student/ros2_ws/install/ultrasonreceiver:/home/student/ros2_ws/install/test_tourne:/home/student/ros2_ws/install/teleop_twist_keyboard:/home/student/ros2_ws/install/teleop_servos:/home/student/ros2_ws/install/stereoreceiver:/home/student/ros2_ws/install/pointcloud_transformer:/home/student/ros2_ws/install/oak_receiver:/home/student/ros2_ws/install/lidarreceiver:/home/student/ros2_ws/install/imureceiver:/home/student/ros2_ws/install/baselink_to_lidar:/opt/ros/humble /usr/bin/cmake --install /home/student/germaine_ws/build/germaine_bot
[1.562s] Level 1:colcon.colcon_core.environment:create_environment_scripts_only(germaine_bot)
[1.562s] DEBUG:colcon.colcon_core.event_handler.log_command:Invoked command in '/home/student/germaine_ws/build/germaine_bot' returned '0': CMAKE_PREFIX_PATH=${CMAKE_PREFIX_PATH}:/home/student/ros2_ws/install/ultrasonreceiver:/home/student/ros2_ws/install/test_tourne:/home/student/ros2_ws/install/teleop_twist_keyboard:/home/student/ros2_ws/install/teleop_servos:/home/student/ros2_ws/install/stereoreceiver:/home/student/ros2_ws/install/pointcloud_transformer:/home/student/ros2_ws/install/oak_receiver:/home/student/ros2_ws/install/lidarreceiver:/home/student/ros2_ws/install/imureceiver:/home/student/ros2_ws/install/baselink_to_lidar:/opt/ros/humble /usr/bin/cmake --install /home/student/germaine_ws/build/germaine_bot
[1.570s] Level 1:colcon.colcon_core.environment:checking '/home/student/germaine_ws/install/germaine_bot' for CMake module files
[1.571s] Level 1:colcon.colcon_core.environment:checking '/home/student/germaine_ws/install/germaine_bot' for CMake config files
[1.572s] Level 1:colcon.colcon_core.shell:create_environment_hook('germaine_bot', 'cmake_prefix_path')
[1.574s] INFO:colcon.colcon_core.shell:Creating environment hook '/home/student/germaine_ws/install/germaine_bot/share/germaine_bot/hook/cmake_prefix_path.ps1'
[1.575s] INFO:colcon.colcon_core.shell:Creating environment descriptor '/home/student/germaine_ws/install/germaine_bot/share/germaine_bot/hook/cmake_prefix_path.dsv'
[1.575s] INFO:colcon.colcon_core.shell:Creating environment hook '/home/student/germaine_ws/install/germaine_bot/share/germaine_bot/hook/cmake_prefix_path.sh'
[1.576s] Level 1:colcon.colcon_core.environment:checking '/home/student/germaine_ws/install/germaine_bot/bin'
[1.576s] Level 1:colcon.colcon_core.environment:checking '/home/student/germaine_ws/install/germaine_bot/lib/pkgconfig/germaine_bot.pc'
[1.577s] Level 1:colcon.colcon_core.environment:checking '/home/student/germaine_ws/install/germaine_bot/lib/python3.10/site-packages'
[1.577s] Level 1:colcon.colcon_core.environment:checking '/home/student/germaine_ws/install/germaine_bot/bin'
[1.579s] INFO:colcon.colcon_core.shell:Creating package script '/home/student/germaine_ws/install/germaine_bot/share/germaine_bot/package.ps1'
[1.580s] INFO:colcon.colcon_core.shell:Creating package descriptor '/home/student/germaine_ws/install/germaine_bot/share/germaine_bot/package.dsv'
[1.581s] INFO:colcon.colcon_core.shell:Creating package script '/home/student/germaine_ws/install/germaine_bot/share/germaine_bot/package.sh'
[1.582s] INFO:colcon.colcon_core.shell:Creating package script '/home/student/germaine_ws/install/germaine_bot/share/germaine_bot/package.bash'
[1.583s] INFO:colcon.colcon_core.shell:Creating package script '/home/student/germaine_ws/install/germaine_bot/share/germaine_bot/package.zsh'
[1.584s] Level 1:colcon.colcon_core.environment:create_file_with_runtime_dependencies(/home/student/germaine_ws/install/germaine_bot/share/colcon-core/packages/germaine_bot)
[1.613s] Level 1:colcon.colcon_core.environment:create_environment_scripts_only(germaine_bot)
[1.616s] Level 1:colcon.colcon_core.environment:checking '/home/student/germaine_ws/install/germaine_bot' for CMake module files
[1.618s] Level 1:colcon.colcon_core.environment:checking '/home/student/germaine_ws/install/germaine_bot' for CMake config files
[1.618s] Level 1:colcon.colcon_core.shell:create_environment_hook('germaine_bot', 'cmake_prefix_path')
[1.620s] INFO:colcon.colcon_core.shell:Creating environment hook '/home/student/germaine_ws/install/germaine_bot/share/germaine_bot/hook/cmake_prefix_path.ps1'
[1.621s] INFO:colcon.colcon_core.shell:Creating environment descriptor '/home/student/germaine_ws/install/germaine_bot/share/germaine_bot/hook/cmake_prefix_path.dsv'
[1.622s] INFO:colcon.colcon_core.shell:Creating environment hook '/home/student/germaine_ws/install/germaine_bot/share/germaine_bot/hook/cmake_prefix_path.sh'
[1.622s] Level 1:colcon.colcon_core.environment:checking '/home/student/germaine_ws/install/germaine_bot/bin'
[1.622s] Level 1:colcon.colcon_core.environment:checking '/home/student/germaine_ws/install/germaine_bot/lib/pkgconfig/germaine_bot.pc'
[1.623s] Level 1:colcon.colcon_core.environment:checking '/home/student/germaine_ws/install/germaine_bot/lib/python3.10/site-packages'
[1.623s] Level 1:colcon.colcon_core.environment:checking '/home/student/germaine_ws/install/germaine_bot/bin'
[1.625s] INFO:colcon.colcon_core.shell:Creating package script '/home/student/germaine_ws/install/germaine_bot/share/germaine_bot/package.ps1'
[1.626s] INFO:colcon.colcon_core.shell:Creating package descriptor '/home/student/germaine_ws/install/germaine_bot/share/germaine_bot/package.dsv'
[1.627s] INFO:colcon.colcon_core.shell:Creating package script '/home/student/germaine_ws/install/germaine_bot/share/germaine_bot/package.sh'
[1.627s] INFO:colcon.colcon_core.shell:Creating package script '/home/student/germaine_ws/install/germaine_bot/share/germaine_bot/package.bash'
[1.628s] INFO:colcon.colcon_core.shell:Creating package script '/home/student/germaine_ws/install/germaine_bot/share/germaine_bot/package.zsh'
[1.629s] Level 1:colcon.colcon_core.environment:create_file_with_runtime_dependencies(/home/student/germaine_ws/install/germaine_bot/share/colcon-core/packages/germaine_bot)
[1.629s] DEBUG:colcon.colcon_parallel_executor.executor.parallel:closing loop
[1.629s] DEBUG:colcon.colcon_parallel_executor.executor.parallel:loop closed
[1.629s] DEBUG:colcon.colcon_parallel_executor.executor.parallel:run_until_complete finished with '0'
[1.630s] DEBUG:colcon.colcon_core.event_reactor:joining thread
[1.637s] INFO:colcon.colcon_core.plugin_system:Skipping extension 'colcon_notification.desktop_notification.terminal_notifier': Not used on non-Darwin systems
[1.637s] INFO:colcon.colcon_core.plugin_system:Skipping extension 'colcon_notification.desktop_notification.win32': Not used on non-Windows systems
[1.637s] INFO:colcon.colcon_notification.desktop_notification:Sending desktop notification using 'notify2'
[1.656s] DEBUG:colcon.colcon_core.event_reactor:joined thread
[1.659s] INFO:colcon.colcon_core.shell:Creating prefix script '/home/student/germaine_ws/install/local_setup.ps1'
[1.660s] INFO:colcon.colcon_core.shell:Creating prefix util module '/home/student/germaine_ws/install/_local_setup_util_ps1.py'
[1.662s] INFO:colcon.colcon_core.shell:Creating prefix chain script '/home/student/germaine_ws/install/setup.ps1'
[1.666s] INFO:colcon.colcon_core.shell:Creating prefix script '/home/student/germaine_ws/install/local_setup.sh'
[1.666s] INFO:colcon.colcon_core.shell:Creating prefix util module '/home/student/germaine_ws/install/_local_setup_util_sh.py'
[1.667s] INFO:colcon.colcon_core.shell:Creating prefix chain script '/home/student/germaine_ws/install/setup.sh'
[1.670s] INFO:colcon.colcon_core.shell:Creating prefix script '/home/student/germaine_ws/install/local_setup.bash'
[1.671s] INFO:colcon.colcon_core.shell:Creating prefix chain script '/home/student/germaine_ws/install/setup.bash'
[1.674s] INFO:colcon.colcon_core.shell:Creating prefix script '/home/student/germaine_ws/install/local_setup.zsh'
[1.675s] INFO:colcon.colcon_core.shell:Creating prefix chain script '/home/student/germaine_ws/install/setup.zsh'
