-- Found ament_cmake: 1.3.5 (/opt/ros/humble/share/ament_cmake/cmake)
-- Override CMake install command with custom implementation using symlinks instead of copying resources
-- Found ament_lint_auto: 0.12.6 (/opt/ros/humble/share/ament_lint_auto/cmake)
-- Added test 'copyright' to check source files copyright and LICENSE
-- Added test 'flake8' to check Python code syntax and style conventions
-- Added test 'lint_cmake' to check CMake code style
-- Added test 'pep257' to check Python code against some of the docstring style conventions in PEP 257
-- Added test 'xmllint' to check XML markup files
-- Configuring done
-- Generating done
-- Build files have been written to: /home/student/germaine_ws/build/germaine_bot
-- Install configuration: ""
-- Execute custom install script
-- Symlinking: /home/student/germaine_ws/install/germaine_bot/share/germaine_bot/config/empty.yaml
-- Symlinking: /home/student/germaine_ws/install/germaine_bot/share/germaine_bot/description/robot.urdf.xacro
-- Symlinking: /home/student/germaine_ws/install/germaine_bot/share/germaine_bot/launch/rsp.launch.py
-- Symlinking: /home/student/germaine_ws/install/germaine_bot/share/germaine_bot/worlds/empty.world
-- Symlinking: /home/student/germaine_ws/install/germaine_bot/share/ament_index/resource_index/package_run_dependencies/germaine_bot
-- Symlinking: /home/student/germaine_ws/install/germaine_bot/share/ament_index/resource_index/parent_prefix_path/germaine_bot
-- Symlinking: /home/student/germaine_ws/install/germaine_bot/share/germaine_bot/environment/ament_prefix_path.sh
-- Symlinking: /home/student/germaine_ws/install/germaine_bot/share/germaine_bot/environment/ament_prefix_path.dsv
-- Symlinking: /home/student/germaine_ws/install/germaine_bot/share/germaine_bot/environment/path.sh
-- Symlinking: /home/student/germaine_ws/install/germaine_bot/share/germaine_bot/environment/path.dsv
-- Symlinking: /home/student/germaine_ws/install/germaine_bot/share/germaine_bot/local_setup.bash
-- Symlinking: /home/student/germaine_ws/install/germaine_bot/share/germaine_bot/local_setup.sh
-- Symlinking: /home/student/germaine_ws/install/germaine_bot/share/germaine_bot/local_setup.zsh
-- Symlinking: /home/student/germaine_ws/install/germaine_bot/share/germaine_bot/local_setup.dsv
-- Symlinking: /home/student/germaine_ws/install/germaine_bot/share/germaine_bot/package.dsv
-- Symlinking: /home/student/germaine_ws/install/germaine_bot/share/ament_index/resource_index/packages/germaine_bot
-- Symlinking: /home/student/germaine_ws/install/germaine_bot/share/germaine_bot/cmake/germaine_botConfig.cmake
-- Symlinking: /home/student/germaine_ws/install/germaine_bot/share/germaine_bot/cmake/germaine_botConfig-version.cmake
-- Symlinking: /home/student/germaine_ws/install/germaine_bot/share/germaine_bot/package.xml
