[0.021s] Invoking command in '/home/student/germaine_ws/build/germaine_bot': CMAKE_PREFIX_PATH=${CMAKE_PREFIX_PATH}:/home/student/ros2_ws/install/ultrasonreceiver:/home/student/ros2_ws/install/test_tourne:/home/student/ros2_ws/install/teleop_twist_keyboard:/home/student/ros2_ws/install/teleop_servos:/home/student/ros2_ws/install/stereoreceiver:/home/student/ros2_ws/install/pointcloud_transformer:/home/student/ros2_ws/install/oak_receiver:/home/student/ros2_ws/install/lidarreceiver:/home/student/ros2_ws/install/imureceiver:/home/student/ros2_ws/install/baselink_to_lidar:/opt/ros/humble /usr/bin/cmake /home/student/germaine_ws/src/germaine_bot -DAMENT_CMAKE_SYMLINK_INSTALL=1 -DCMAKE_INSTALL_PREFIX=/home/student/germaine_ws/install/germaine_bot
[0.039s] -- Found ament_cmake: 1.3.5 (/opt/ros/humble/share/ament_cmake/cmake)
[0.262s] -- Override CMake install command with custom implementation using symlinks instead of copying resources
[0.304s] -- Found ament_lint_auto: 0.12.6 (/opt/ros/humble/share/ament_lint_auto/cmake)
[0.417s] -- Added test 'copyright' to check source files copyright and LICENSE
[0.426s] -- Added test 'flake8' to check Python code syntax and style conventions
[0.427s] -- Added test 'lint_cmake' to check CMake code style
[0.428s] -- Added test 'pep257' to check Python code against some of the docstring style conventions in PEP 257
[0.433s] -- Added test 'xmllint' to check XML markup files
[0.434s] -- Configuring done
[0.438s] -- Generating done
[0.439s] -- Build files have been written to: /home/student/germaine_ws/build/germaine_bot
[0.443s] Invoked command in '/home/student/germaine_ws/build/germaine_bot' returned '0': CMAKE_PREFIX_PATH=${CMAKE_PREFIX_PATH}:/home/student/ros2_ws/install/ultrasonreceiver:/home/student/ros2_ws/install/test_tourne:/home/student/ros2_ws/install/teleop_twist_keyboard:/home/student/ros2_ws/install/teleop_servos:/home/student/ros2_ws/install/stereoreceiver:/home/student/ros2_ws/install/pointcloud_transformer:/home/student/ros2_ws/install/oak_receiver:/home/student/ros2_ws/install/lidarreceiver:/home/student/ros2_ws/install/imureceiver:/home/student/ros2_ws/install/baselink_to_lidar:/opt/ros/humble /usr/bin/cmake /home/student/germaine_ws/src/germaine_bot -DAMENT_CMAKE_SYMLINK_INSTALL=1 -DCMAKE_INSTALL_PREFIX=/home/student/germaine_ws/install/germaine_bot
[0.446s] Invoking command in '/home/student/germaine_ws/build/germaine_bot': CMAKE_PREFIX_PATH=${CMAKE_PREFIX_PATH}:/home/student/ros2_ws/install/ultrasonreceiver:/home/student/ros2_ws/install/test_tourne:/home/student/ros2_ws/install/teleop_twist_keyboard:/home/student/ros2_ws/install/teleop_servos:/home/student/ros2_ws/install/stereoreceiver:/home/student/ros2_ws/install/pointcloud_transformer:/home/student/ros2_ws/install/oak_receiver:/home/student/ros2_ws/install/lidarreceiver:/home/student/ros2_ws/install/imureceiver:/home/student/ros2_ws/install/baselink_to_lidar:/opt/ros/humble /usr/bin/cmake --build /home/student/germaine_ws/build/germaine_bot -- -j8 -l8
[0.490s] Invoked command in '/home/student/germaine_ws/build/germaine_bot' returned '0': CMAKE_PREFIX_PATH=${CMAKE_PREFIX_PATH}:/home/student/ros2_ws/install/ultrasonreceiver:/home/student/ros2_ws/install/test_tourne:/home/student/ros2_ws/install/teleop_twist_keyboard:/home/student/ros2_ws/install/teleop_servos:/home/student/ros2_ws/install/stereoreceiver:/home/student/ros2_ws/install/pointcloud_transformer:/home/student/ros2_ws/install/oak_receiver:/home/student/ros2_ws/install/lidarreceiver:/home/student/ros2_ws/install/imureceiver:/home/student/ros2_ws/install/baselink_to_lidar:/opt/ros/humble /usr/bin/cmake --build /home/student/germaine_ws/build/germaine_bot -- -j8 -l8
[0.528s] Invoking command in '/home/student/germaine_ws/build/germaine_bot': CMAKE_PREFIX_PATH=${CMAKE_PREFIX_PATH}:/home/student/ros2_ws/install/ultrasonreceiver:/home/student/ros2_ws/install/test_tourne:/home/student/ros2_ws/install/teleop_twist_keyboard:/home/student/ros2_ws/install/teleop_servos:/home/student/ros2_ws/install/stereoreceiver:/home/student/ros2_ws/install/pointcloud_transformer:/home/student/ros2_ws/install/oak_receiver:/home/student/ros2_ws/install/lidarreceiver:/home/student/ros2_ws/install/imureceiver:/home/student/ros2_ws/install/baselink_to_lidar:/opt/ros/humble /usr/bin/cmake --install /home/student/germaine_ws/build/germaine_bot
[0.538s] -- Install configuration: ""
[0.539s] -- Execute custom install script
[0.539s] -- Symlinking: /home/student/germaine_ws/install/germaine_bot/share/germaine_bot/config/empty.yaml
[0.549s] -- Symlinking: /home/student/germaine_ws/install/germaine_bot/share/germaine_bot/description/robot.urdf.xacro
[0.560s] -- Symlinking: /home/student/germaine_ws/install/germaine_bot/share/germaine_bot/launch/rsp.launch.py
[0.570s] -- Symlinking: /home/student/germaine_ws/install/germaine_bot/share/germaine_bot/worlds/empty.world
[0.581s] -- Symlinking: /home/student/germaine_ws/install/germaine_bot/share/ament_index/resource_index/package_run_dependencies/germaine_bot
[0.591s] -- Symlinking: /home/student/germaine_ws/install/germaine_bot/share/ament_index/resource_index/parent_prefix_path/germaine_bot
[0.601s] -- Symlinking: /home/student/germaine_ws/install/germaine_bot/share/germaine_bot/environment/ament_prefix_path.sh
[0.611s] -- Symlinking: /home/student/germaine_ws/install/germaine_bot/share/germaine_bot/environment/ament_prefix_path.dsv
[0.621s] -- Symlinking: /home/student/germaine_ws/install/germaine_bot/share/germaine_bot/environment/path.sh
[0.631s] -- Symlinking: /home/student/germaine_ws/install/germaine_bot/share/germaine_bot/environment/path.dsv
[0.642s] -- Symlinking: /home/student/germaine_ws/install/germaine_bot/share/germaine_bot/local_setup.bash
[0.652s] -- Symlinking: /home/student/germaine_ws/install/germaine_bot/share/germaine_bot/local_setup.sh
[0.662s] -- Symlinking: /home/student/germaine_ws/install/germaine_bot/share/germaine_bot/local_setup.zsh
[0.673s] -- Symlinking: /home/student/germaine_ws/install/germaine_bot/share/germaine_bot/local_setup.dsv
[0.683s] -- Symlinking: /home/student/germaine_ws/install/germaine_bot/share/germaine_bot/package.dsv
[0.693s] -- Symlinking: /home/student/germaine_ws/install/germaine_bot/share/ament_index/resource_index/packages/germaine_bot
[0.703s] -- Symlinking: /home/student/germaine_ws/install/germaine_bot/share/germaine_bot/cmake/germaine_botConfig.cmake
[0.713s] -- Symlinking: /home/student/germaine_ws/install/germaine_bot/share/germaine_bot/cmake/germaine_botConfig-version.cmake
[0.723s] -- Symlinking: /home/student/germaine_ws/install/germaine_bot/share/germaine_bot/package.xml
[0.736s] Invoked command in '/home/student/germaine_ws/build/germaine_bot' returned '0': CMAKE_PREFIX_PATH=${CMAKE_PREFIX_PATH}:/home/student/ros2_ws/install/ultrasonreceiver:/home/student/ros2_ws/install/test_tourne:/home/student/ros2_ws/install/teleop_twist_keyboard:/home/student/ros2_ws/install/teleop_servos:/home/student/ros2_ws/install/stereoreceiver:/home/student/ros2_ws/install/pointcloud_transformer:/home/student/ros2_ws/install/oak_receiver:/home/student/ros2_ws/install/lidarreceiver:/home/student/ros2_ws/install/imureceiver:/home/student/ros2_ws/install/baselink_to_lidar:/opt/ros/humble /usr/bin/cmake --install /home/student/germaine_ws/build/germaine_bot
